2022-12-28 13:49:02 INFO  PersonService:42 - START : Lesson 6
2022-12-28 13:49:02 INFO  PersonService:45 - START : Check ID
2022-12-28 13:49:02 INFO  PersonService:48 - END : Check ID
2022-12-28 13:49:02 INFO  PersonService:52 - START : Check languages tồn tại
2022-12-28 13:49:02 INFO  PersonService:57 - END : Check languages tồn tại
2022-12-28 13:49:16 INFO  PersonService:77 - END : Lesson 6
2022-12-28 13:49:55 INFO  PersonService:42 - START : Lesson 6
2022-12-28 13:49:55 INFO  PersonService:45 - START : Check ID
2022-12-28 13:49:55 INFO  PersonService:77 - END : Lesson 6
2022-12-28 13:50:19 INFO  PersonService:42 - START : Lesson 6
2022-12-28 13:50:19 INFO  PersonService:45 - START : Check ID
2022-12-28 13:50:19 INFO  PersonService:48 - END : Check ID
2022-12-28 13:50:19 INFO  PersonService:52 - START : Check languages tồn tại
2022-12-28 13:50:19 INFO  PersonService:57 - END : Check languages tồn tại
2022-12-28 13:50:22 INFO  PersonService:77 - END : Lesson 6
2022-12-28 13:50:58 INFO  PersonService:42 - START : Lesson 6
2022-12-28 13:50:58 INFO  PersonService:45 - START : Check ID
2022-12-28 13:50:58 INFO  PersonService:48 - END : Check ID
2022-12-28 13:50:58 INFO  PersonService:52 - START : Check languages tồn tại
2022-12-28 13:50:58 INFO  PersonService:57 - END : Check languages tồn tại
2022-12-28 13:53:13 INFO  PersonService:42 - START : Lesson 6
2022-12-28 13:53:13 INFO  PersonService:45 - START : Check ID
2022-12-28 13:53:13 INFO  PersonService:48 - END : Check ID
2022-12-28 13:53:13 INFO  PersonService:52 - START : Check languages tồn tại
2022-12-28 13:53:13 INFO  PersonService:57 - END : Check languages tồn tại
2022-12-28 13:53:17 INFO  PersonService:77 - END : Lesson 6
2022-12-28 13:53:26 INFO  PersonService:42 - START : Lesson 6
2022-12-28 13:53:26 INFO  PersonService:45 - START : Check ID
2022-12-28 13:53:26 INFO  PersonService:77 - END : Lesson 6
2022-12-28 13:53:32 INFO  PersonService:42 - START : Lesson 6
2022-12-28 13:53:32 INFO  PersonService:45 - START : Check ID
2022-12-28 13:53:32 INFO  PersonService:48 - END : Check ID
2022-12-28 13:53:32 INFO  PersonService:52 - START : Check languages tồn tại
2022-12-28 13:53:32 INFO  PersonService:57 - END : Check languages tồn tại
2022-12-28 13:53:32 INFO  PersonService:60 - START : Thực thi update
2022-12-28 13:53:33 INFO  PersonService:67 - END : Thực thi update
2022-12-28 13:53:33 INFO  PersonService:68 - START : Kiểm tra kết quả
2022-12-28 13:53:36 INFO  PersonService:72 - END : Kiểm tra kết quả
2022-12-28 13:53:36 INFO  PersonService:77 - END : Lesson 6
